#
# There is insufficient memory for the Java Runtime Environment to continue.
# Native memory allocation (mmap) failed to map 67108864 bytes for G1 virtual space
# Possible reasons:
#   The system is out of physical RAM or swap space
#   The process is running with CompressedOops enabled, and the Java Heap may be blocking the growth of the native heap
# Possible solutions:
#   Reduce memory load on the system
#   Increase physical memory or swap space
#   Check if swap backing store is full
#   Decrease Java heap size (-Xmx/-Xms)
#   Decrease number of Java threads
#   Decrease Java thread stack sizes (-Xss)
#   Set larger code cache with -XX:ReservedCodeCacheSize=
#   JVM is running with Unscaled Compressed Oops mode in which the Java heap is
#     placed in the first 4GB address space. The Java Heap base address is the
#     maximum limit for the native heap growth. Please use -XX:HeapBaseMinAddress
#     to set the Java Heap base and to place the Java Heap above 4GB virtual address.
# This output file may be truncated or incomplete.
#
#  Out of Memory Error (os_windows.cpp:3548), pid=6476, tid=9676
#
# JRE version:  (17.0.12+8) (build )
# Java VM: Java HotSpot(TM) 64-Bit Server VM (17.0.12+8-LTS-286, mixed mode, sharing, tiered, compressed oops, compressed class ptrs, g1 gc, windows-amd64)
# No core dump will be written. Minidumps are not enabled by default on client versions of Windows
#

---------------  S U M M A R Y ------------

Command Line: -Xmx64m -Xms64m -Dorg.gradle.appname=gradlew org.gradle.wrapper.GradleWrapperMain app:installDebug -PreactNativeDevServerPort=8088

Host: Intel(R) Core(TM) i5-6300U CPU @ 2.40GHz, 4 cores, 7G,  Windows 10 , 64 bit Build 19041 (10.0.19041.5438)
Time: Wed Mar  5 18:30:32 2025 India Standard Time elapsed time: 0.030913 seconds (0d 0h 0m 0s)

---------------  T H R E A D  ---------------

Current thread (0x00000220486eb420):  JavaThread "Unknown thread" [_thread_in_vm, id=9676, stack(0x00000074c1c00000,0x00000074c1d00000)]

Stack: [0x00000074c1c00000,0x00000074c1d00000]
Native frames: (J=compiled Java code, j=interpreted, Vv=VM code, C=native code)
V  [jvm.dll+0x67a04a]
V  [jvm.dll+0x7da4ed]
V  [jvm.dll+0x7dbe33]
V  [jvm.dll+0x7dc4a3]
V  [jvm.dll+0x24508f]
V  [jvm.dll+0x677089]
V  [jvm.dll+0x66bd32]
V  [jvm.dll+0x301fa6]
V  [jvm.dll+0x309546]
V  [jvm.dll+0x359d2e]
V  [jvm.dll+0x359f5f]
V  [jvm.dll+0x2d9078]
V  [jvm.dll+0x2d9fe4]
V  [jvm.dll+0x7aca21]
V  [jvm.dll+0x367591]
V  [jvm.dll+0x78b999]
V  [jvm.dll+0x3ec83f]
V  [jvm.dll+0x3ee471]
C  [jli.dll+0x5297]
C  [ucrtbase.dll+0x21bb2]
C  [KERNEL32.DLL+0x17374]
C  [ntdll.dll+0x4cc91]


---------------  P R O C E S S  ---------------

Threads class SMR info:
_java_thread_list=0x00007fffef927a18, length=0, elements={
}

Java Threads: ( => current thread )

Other Threads:
  0x000002204870aaa0 GCTaskThread "GC Thread#0" [stack: 0x00000074c1d00000,0x00000074c1e00000] [id=2604]
  0x000002204870c1f0 ConcurrentGCThread "G1 Main Marker" [stack: 0x00000074c1e00000,0x00000074c1f00000] [id=10920]
  0x000002204870cc00 ConcurrentGCThread "G1 Conc#0" [stack: 0x00000074c1f00000,0x00000074c2000000] [id=11852]

[error occurred during error reporting (printing all threads), id 0xc0000005, EXCEPTION_ACCESS_VIOLATION (0xc0000005) at pc=0x00007fffef159b67]

VM state: not at safepoint (not fully initialized)

VM Mutex/Monitor currently owned by a thread:  ([mutex/lock_event])
[0x00000220486e6910] Heap_lock - owner thread: 0x00000220486eb420

Heap address: 0x00000000fc000000, size: 64 MB, Compressed Oops mode: 32-bit

CDS archive(s) mapped at: [0x0000000000000000-0x0000000000000000-0x0000000000000000), size 0, SharedBaseAddress: 0x0000000800000000, ArchiveRelocationMode: 1.
Narrow klass base: 0x0000000000000000, Narrow klass shift: 0, Narrow klass range: 0x0

GC Precious Log:
<Empty>

Heap:
 garbage-first heap   total 0K, used 0K [0x00000000fc000000, 0x0000000100000000)
  region size 1024K, 0 young (0K), 0 survivors (0K)

[error occurred during error reporting (printing heap information), id 0xc0000005, EXCEPTION_ACCESS_VIOLATION (0xc0000005) at pc=0x00007fffef543859]

GC Heap History (0 events):
No events

Deoptimization events (0 events):
No events

Classes unloaded (0 events):
No events

Classes redefined (0 events):
No events

Internal exceptions (0 events):
No events

VM Operations (0 events):
No events

Events (1 events):
Event: 0.019 Loaded shared library C:\Program Files\Java\jdk-17\bin\java.dll


Dynamic libraries:
0x00007ff648eb0000 - 0x00007ff648ec0000 	C:\Program Files\Java\jdk-17\bin\java.exe
0x00007ff87a2f0000 - 0x00007ff87a4e8000 	C:\Windows\SYSTEM32\ntdll.dll
0x00007ff879a70000 - 0x00007ff879b32000 	C:\Windows\System32\KERNEL32.DLL
0x00007ff877cd0000 - 0x00007ff877fcf000 	C:\Windows\System32\KERNELBASE.dll
0x00007ff8779e0000 - 0x00007ff877ae0000 	C:\Windows\System32\ucrtbase.dll
0x00007ff8642c0000 - 0x00007ff8642d9000 	C:\Program Files\Java\jdk-17\bin\jli.dll
0x00007ff864460000 - 0x00007ff86447b000 	C:\Program Files\Java\jdk-17\bin\VCRUNTIME140.dll
0x00007ff8783e0000 - 0x00007ff87848f000 	C:\Windows\System32\ADVAPI32.dll
0x00007ff878490000 - 0x00007ff87852e000 	C:\Windows\System32\msvcrt.dll
0x00007ff879c10000 - 0x00007ff879caf000 	C:\Windows\System32\sechost.dll
0x00007ff8796c0000 - 0x00007ff8797e3000 	C:\Windows\System32\RPCRT4.dll
0x00007ff877ca0000 - 0x00007ff877cc7000 	C:\Windows\System32\bcrypt.dll
0x00007ff8797f0000 - 0x00007ff87998d000 	C:\Windows\System32\USER32.dll
0x00007ff878130000 - 0x00007ff878152000 	C:\Windows\System32\win32u.dll
0x00007ff863b70000 - 0x00007ff863e0a000 	C:\Windows\WinSxS\amd64_microsoft.windows.common-controls_6595b64144ccf1df_6.0.19041.4355_none_60b8b9eb71f62e16\COMCTL32.dll
0x00007ff8787d0000 - 0x00007ff8787fb000 	C:\Windows\System32\GDI32.dll
0x00007ff8781f0000 - 0x00007ff87830a000 	C:\Windows\System32\gdi32full.dll
0x00007ff877b50000 - 0x00007ff877bed000 	C:\Windows\System32\msvcp_win.dll
0x00007ff8757a0000 - 0x00007ff8757aa000 	C:\Windows\SYSTEM32\VERSION.dll
0x00007ff8789e0000 - 0x00007ff878a0f000 	C:\Windows\System32\IMM32.DLL
0x00007ff864b80000 - 0x00007ff864b8c000 	C:\Program Files\Java\jdk-17\bin\vcruntime140_1.dll
0x00007ff852b00000 - 0x00007ff852b8e000 	C:\Program Files\Java\jdk-17\bin\msvcp140.dll
0x00007fffeee70000 - 0x00007fffefa50000 	C:\Program Files\Java\jdk-17\bin\server\jvm.dll
0x00007ff87a2a0000 - 0x00007ff87a2a8000 	C:\Windows\System32\PSAPI.DLL
0x00007ff864b40000 - 0x00007ff864b49000 	C:\Windows\SYSTEM32\WSOCK32.dll
0x00007ff879ba0000 - 0x00007ff879c0b000 	C:\Windows\System32\WS2_32.dll
0x00007ff85f5a0000 - 0x00007ff85f5c7000 	C:\Windows\SYSTEM32\WINMM.dll
0x00007ff8759f0000 - 0x00007ff875a02000 	C:\Windows\SYSTEM32\kernel.appcore.dll
0x00007ff8648f0000 - 0x00007ff8648fa000 	C:\Program Files\Java\jdk-17\bin\jimage.dll
0x00007ff85f630000 - 0x00007ff85f814000 	C:\Windows\SYSTEM32\DBGHELP.DLL
0x00007ff85dea0000 - 0x00007ff85ded4000 	C:\Windows\SYSTEM32\dbgcore.DLL
0x00007ff878160000 - 0x00007ff8781e2000 	C:\Windows\System32\bcryptPrimitives.dll
0x00007ff85d390000 - 0x00007ff85d3b5000 	C:\Program Files\Java\jdk-17\bin\java.dll

dbghelp: loaded successfully - version: 4.0.5 - missing functions: none
symbol engine: initialized successfully - sym options: 0x614 - pdb path: .;C:\Program Files\Java\jdk-17\bin;C:\Windows\SYSTEM32;C:\Windows\WinSxS\amd64_microsoft.windows.common-controls_6595b64144ccf1df_6.0.19041.4355_none_60b8b9eb71f62e16;C:\Program Files\Java\jdk-17\bin\server

VM Arguments:
jvm_args: -Xmx64m -Xms64m -Dorg.gradle.appname=gradlew 
java_command: org.gradle.wrapper.GradleWrapperMain app:installDebug -PreactNativeDevServerPort=8088
java_class_path (initial): E:\react-native-project\LUDO_GAME\android\\gradle\wrapper\gradle-wrapper.jar
Launcher Type: SUN_STANDARD

[Global flags]
     intx CICompilerCount                          = 3                                         {product} {ergonomic}
     uint ConcGCThreads                            = 1                                         {product} {ergonomic}
     uint G1ConcRefinementThreads                  = 4                                         {product} {ergonomic}
   size_t G1HeapRegionSize                         = 1048576                                   {product} {ergonomic}
    uintx GCDrainStackTargetSize                   = 64                                        {product} {ergonomic}
   size_t InitialHeapSize                          = 67108864                                  {product} {command line}
   size_t MarkStackSize                            = 4194304                                   {product} {ergonomic}
   size_t MaxHeapSize                              = 67108864                                  {product} {command line}
   size_t MinHeapDeltaBytes                        = 1048576                                   {product} {ergonomic}
   size_t MinHeapSize                              = 67108864                                  {product} {command line}
    uintx NonNMethodCodeHeapSize                   = 5832780                                {pd product} {ergonomic}
    uintx NonProfiledCodeHeapSize                  = 122912730                              {pd product} {ergonomic}
    uintx ProfiledCodeHeapSize                     = 122912730                              {pd product} {ergonomic}
    uintx ReservedCodeCacheSize                    = 251658240                              {pd product} {ergonomic}
     bool SegmentedCodeCache                       = true                                      {product} {ergonomic}
   size_t SoftMaxHeapSize                          = 67108864                               {manageable} {ergonomic}
     bool UseCompressedClassPointers               = true                           {product lp64_product} {ergonomic}
     bool UseCompressedOops                        = true                           {product lp64_product} {ergonomic}
     bool UseG1GC                                  = true                                      {product} {ergonomic}
     bool UseLargePagesIndividualAllocation        = false                                  {pd product} {ergonomic}

Logging:
Log output configuration:
 #0: stdout all=warning uptime,level,tags
 #1: stderr all=off uptime,level,tags

Environment Variables:
JAVA_HOME=C:\Program Files\Java\jdk-17
CLASSPATH=E:\react-native-project\LUDO_GAME\android\\gradle\wrapper\gradle-wrapper.jar
PATH=E:\react-native-project\LUDO_GAME\node_modules\.bin;E:\react-native-project\LUDO_GAME\node_modules\.bin;E:\react-native-project\node_modules\.bin;E:\node_modules\.bin;C:\Users\arman\AppData\Roaming\npm\node_modules\npm\node_modules\@npmcli\run-script\lib\node-gyp-bin;C:\Program Files\Common Files\Oracle\Java\javapath;C:\Program Files\OpenLogic\jdk-11.0.25.9-hotspot\bin;C:\Program Files (x86)\Common Files\Intel\Shared Files\cpp\bin\Intel64;C:\Windows\system32;C:\Windows;C:\Windows\System32\Wbem;C:\Windows\System32\WindowsPowerShell\v1.0\;C:\Windows\System32\OpenSSH\;C:\Program Files\dotnet\;C:\Program Files\Git\cmd;C:\MinGW\bin;C:\Windows\WinSxS\wow64_microsoft.powershell.pester_31bf3856ad364e35_10.0.19041.4717_none_5311c6585d90119b;C:\Users\arman\AppData\Roaming\npm;C:\Users\arman\AppData\Roaming\npm\node_modules\npm\bin;C:\Program Files\nodejs\;C:\Program Files\nodejs;C:\ProgramData\chocolatey\bin;C:\Users\arman\AppData\Local\Android\Sdk\platform-tools;C:\Users\arman\AppData\Local\Android\Sdk;C:\Users\arman\AppData\Local\Android\Sdk\emulator;C:\Users\arman\AppData\Local\Android\Sdk\build-tools;C:\Users\arman\AppData\Local\Android\Sdk\platforms;C:\Program Files\Java\jdk-17\bin;C:\Program Files\Java\jdk-17;C:\Users\arman\AppData\Local\Android\Sdk;C:\Users\arman\AppData\Local\Android\Sdk\tools\bin;C:\Users\arman\AppData\Local\Android\Sdk\tools;C:\Program Files\MySQL\MySQL Shell 8.0\bin\;C:\Users\arman\AppData\Local\Microsoft\WindowsApps;C:\MinGW\bin;C:\Program Files\OpenLogic\jdk-11.0.25.9-hotspot\bin;C:\ProgramData\chocolatey;C:\Windows\WinSxS\wow64_microsoft.powershell.pester_31bf3856ad364e35_10.0.19041.4717_none_5311c6585d90119b;C:\Users\arman\AppData\Roaming\npm;C:\Users\arman\AppData\Roaming\npm\node_modules\npm\bin;C:\Program Files\nodejs;C:\Users\arman\AppData\Local\Programs\Microsoft VS Code\bin;C:\Users\arman\AppData\Local\Android\Sdk\platform-tools;C:\Users\arman\AppData\Local\Android\Sdk;C:\Users\arman\AppData\Local\Android\Sdk\emulator;C:\Users\arman\App
USERNAME=arman
LANG=en_US.UTF-8
OS=Windows_NT
PROCESSOR_IDENTIFIER=Intel64 Family 6 Model 78 Stepping 3, GenuineIntel



---------------  S Y S T E M  ---------------

OS:
 Windows 10 , 64 bit Build 19041 (10.0.19041.5438)
OS uptime: 3 days 4:40 hours

CPU: total 4 (initial active 4) (2 cores per cpu, 2 threads per core) family 6 model 78 stepping 3 microcode 0xf0, cx8, cmov, fxsr, ht, mmx, 3dnowpref, sse, sse2, sse3, ssse3, sse4.1, sse4.2, popcnt, lzcnt, tsc, tscinvbit, avx, avx2, aes, erms, clmul, bmi1, bmi2, rtm, adx, fma, vzeroupper, clflush, clflushopt

Memory: 4k page, system-wide physical 7867M (374M free)
TotalPageFile size 32443M (AvailPageFile size 57M)
current process WorkingSet (physical memory assigned to process): 10M, peak: 10M
current process commit charge ("private bytes"): 51M, peak: 115M

vm_info: Java HotSpot(TM) 64-Bit Server VM (17.0.12+8-LTS-286) for windows-amd64 JRE (17.0.12+8-LTS-286), built on Jun  5 2024 06:46:59 by "mach5one" with MS VC++ 17.6 (VS2022)

END.
